
рЯІ† Simon Brain Sync вАФ 2026-06-15 20:00
==================================

вђЗпЄП  Pull von Remote...
вДєпЄП  Bereits aktuell

рЯУЭ Lokale √Дnderungen:
?? sync.log

[main 214ec73] рЯФД Brain Sync вАФ 2026-06-15 20:00
 1 file changed, 10 insertions(+)
 create mode 100644 sync.log
вђЖпЄП  Push zu Remote...
To github.com:simonruof/simon-brain.git
   7a610c0..214ec73  main -> main
[0;32mвЬЕ Sync abgeschlossen вАФ alles gepusht[0m

Letzter Commit: vor 3 Sekunden вАФ рЯФД Brain Sync вАФ 2026-06-15 20:00


рЯІ† Simon Brain Sync вАФ 2026-06-16 08:00
==================================

рЯУЭ √Дnderungen gefunden вАФ committe...
[main 2263c8f] рЯФД Brain Sync вАФ 2026-06-16 08:00
 1 file changed, 15 insertions(+)
вђЖпЄП  Push zu Remote...
To github.com:simonruof/simon-brain.git
   214ec73..2263c8f  main -> main
[0;32mвЬЕ Push abgeschlossen[0m

Letzter Commit: vor 13 Sekunden вАФ рЯФД Brain Sync вАФ 2026-06-16 08:00


рЯІ† Simon Brain Sync вАФ 2026-06-16 20:00
==================================

вђЗпЄП  Pull von Remote...
вДєпЄП  Bereits aktuell

рЯУЭ Lokale √Дnderungen:
 M sync.log

[main bd2d160] рЯФД Brain Sync вАФ 2026-06-16 20:00
 1 file changed, 19 insertions(+)
вђЖпЄП  Push zu Remote...
To github.com:simonruof/simon-brain.git
   2263c8f..bd2d160  main -> main
[0;32mвЬЕ Sync abgeschlossen вАФ alles gepusht[0m

Letzter Commit: vor 53 Sekunden вАФ рЯФД Brain Sync вАФ 2026-06-16 20:00


рЯІ† Simon Brain Sync вАФ 2026-06-17 20:00
==================================

вђЗпЄП  Pull von Remote...
вДєпЄП  Bereits aktuell

рЯУЭ Lokale √Дnderungen:
 M sync.log

[main 6602df5] рЯФД Brain Sync вАФ 2026-06-17 20:00
 1 file changed, 19 insertions(+)
вђЖпЄП  Push zu Remote...
To github.com:simonruof/simon-brain.git
   bd2d160..6602df5  main -> main
[0;32mвЬЕ Sync abgeschlossen вАФ alles gepusht[0m

Letzter Commit: vor 3 Sekunden вАФ рЯФД Brain Sync вАФ 2026-06-17 20:00


рЯІ† Simon Brain Sync вАФ 2026-06-18 08:00
==================================

рЯУЭ √Дnderungen gefunden вАФ committe...
[main cd2c229] рЯФД Brain Sync вАФ 2026-06-18 08:00
 1 file changed, 14 insertions(+)
вђЖпЄП  Push zu Remote...
To github.com:simonruof/simon-brain.git
   6602df5..cd2c229  main -> main
[0;32mвЬЕ Push abgeschlossen[0m

Letzter Commit: vor 2 Sekunden вАФ рЯФД Brain Sync вАФ 2026-06-18 08:00


рЯІ† Simon Brain Sync вАФ 2026-06-18 20:00
==================================

вђЗпЄП  Pull von Remote...
вДєпЄП  Bereits aktuell

рЯУЭ Lokale √Дnderungen:
 M sync.log

[main 7103a4d] рЯФД Brain Sync вАФ 2026-06-18 20:00
 1 file changed, 19 insertions(+)
вђЖпЄП  Push zu Remote...
To github.com:simonruof/simon-brain.git
   cd2c229..7103a4d  main -> main
[0;32mвЬЕ Sync abgeschlossen вАФ alles gepusht[0m

Letzter Commit: vor 2 Sekunden вАФ рЯФД Brain Sync вАФ 2026-06-18 20:00


рЯІ† Simon Brain Sync вАФ 2026-06-19 20:00
==================================

вђЗпЄП  Pull von Remote...
вДєпЄП  Bereits aktuell

рЯУЭ Lokale √Дnderungen:
 M sync.log

[main d5f89a2] рЯФД Brain Sync вАФ 2026-06-19 20:00
 1 file changed, 19 insertions(+)
вђЖпЄП  Push zu Remote...
To github.com:simonruof/simon-brain.git
   7103a4d..d5f89a2  main -> main
[0;32mвЬЕ Sync abgeschlossen вАФ alles gepusht[0m

Letzter Commit: vor 1 Sekunde вАФ рЯФД Brain Sync вАФ 2026-06-19 20:00


рЯІ† Simon Brain Sync вАФ 2026-06-20 08:00
==================================

рЯУЭ √Дnderungen gefunden вАФ committe...
[main 40eeca2] рЯФД Brain Sync вАФ 2026-06-20 08:00
 1 file changed, 14 insertions(+)
вђЖпЄП  Push zu Remote...
To github.com:simonruof/simon-brain.git
   d5f89a2..40eeca2  main -> main
[0;32mвЬЕ Push abgeschlossen[0m

Letzter Commit: vor 2 Sekunden вАФ рЯФД Brain Sync вАФ 2026-06-20 08:00


рЯІ† Simon Brain Sync вАФ 2026-06-20 20:00
==================================

вђЗпЄП  Pull von Remote...
вДєпЄП  Bereits aktuell

рЯУЭ Lokale √Дnderungen:
 M sync.log

[main 0b91470] рЯФД Brain Sync вАФ 2026-06-20 20:00
 1 file changed, 19 insertions(+)
вђЖпЄП  Push zu Remote...
To github.com:simonruof/simon-brain.git
   40eeca2..0b91470  main -> main
[0;32mвЬЕ Sync abgeschlossen вАФ alles gepusht[0m

Letzter Commit: vor 2 Sekunden вАФ рЯФД Brain Sync вАФ 2026-06-20 20:00


рЯІ† Simon Brain Sync вАФ 2026-06-21 08:00
==================================

рЯУЭ √Дnderungen gefunden вАФ committe...
[main 7965adc] рЯФД Brain Sync вАФ 2026-06-21 08:00
 1 file changed, 14 insertions(+)
вђЖпЄП  Push zu Remote...
To github.com:simonruof/simon-brain.git
   0b91470..7965adc  main -> main
[0;32mвЬЕ Push abgeschlossen[0m

Letzter Commit: vor 2 Sekunden вАФ рЯФД Brain Sync вАФ 2026-06-21 08:00


рЯІ† Simon Brain Sync вАФ 2026-06-21 20:00
==================================

вђЗпЄП  Pull von Remote...
вДєпЄП  Bereits aktuell

рЯУЭ Lokale √Дnderungen:
 M sync.log

[main d4df378] рЯФД Brain Sync вАФ 2026-06-21 20:00
 1 file changed, 19 insertions(+)
вђЖпЄП  Push zu Remote...
To github.com:simonruof/simon-brain.git
   7965adc..d4df378  main -> main
[0;32mвЬЕ Sync abgeschlossen вАФ alles gepusht[0m

Letzter Commit: vor 3 Sekunden вАФ рЯФД Brain Sync вАФ 2026-06-21 20:00


рЯІ† Simon Brain Sync вАФ 2026-06-22 08:00
==================================

рЯУЭ √Дnderungen gefunden вАФ committe...
[main 1a8b0f2] рЯФД Brain Sync вАФ 2026-06-22 08:00
 1 file changed, 14 insertions(+)
вђЖпЄП  Push zu Remote...
To github.com:simonruof/simon-brain.git
   d4df378..1a8b0f2  main -> main
[0;32mвЬЕ Push abgeschlossen[0m

Letzter Commit: vor 2 Sekunden вАФ рЯФД Brain Sync вАФ 2026-06-22 08:00


рЯІ† Simon Brain Sync вАФ 2026-06-22 20:00
==================================

вђЗпЄП  Pull von Remote...
вДєпЄП  Bereits aktuell

рЯУЭ Lokale √Дnderungen:
 M sync.log

[main 7f53b48] рЯФД Brain Sync вАФ 2026-06-22 20:00
 1 file changed, 19 insertions(+)
вђЖпЄП  Push zu Remote...
To github.com:simonruof/simon-brain.git
   1a8b0f2..7f53b48  main -> main
[0;32mвЬЕ Sync abgeschlossen вАФ alles gepusht[0m

Letzter Commit: vor 4 Sekunden вАФ рЯФД Brain Sync вАФ 2026-06-22 20:00


рЯІ† Simon Brain Sync вАФ 2026-06-23 20:00
==================================

вђЗпЄП  Pull von Remote...
вДєпЄП  Bereits aktuell

рЯУЭ Lokale √Дnderungen:
 M sync.log

[main e6b8937] рЯФД Brain Sync вАФ 2026-06-23 20:00
 1 file changed, 19 insertions(+)
вђЖпЄП  Push zu Remote...
To github.com:simonruof/simon-brain.git
   7f53b48..e6b8937  main -> main
[0;32mвЬЕ Sync abgeschlossen вАФ alles gepusht[0m

Letzter Commit: vor 3 Sekunden вАФ рЯФД Brain Sync вАФ 2026-06-23 20:00


рЯІ† Simon Brain Sync вАФ 2026-06-24 08:00
==================================

рЯУЭ √Дnderungen gefunden вАФ committe...
[main adf527a] рЯФД Brain Sync вАФ 2026-06-24 08:00
 1 file changed, 14 insertions(+)
вђЖпЄП  Push zu Remote...
To github.com:simonruof/simon-brain.git
   e6b8937..adf527a  main -> main
[0;32mвЬЕ Push abgeschlossen[0m

Letzter Commit: vor 2 Sekunden вАФ рЯФД Brain Sync вАФ 2026-06-24 08:00


рЯІ† Simon Brain Sync вАФ 2026-06-24 20:00
==================================

вђЗпЄП  Pull von Remote...
вДєпЄП  Bereits aktuell

рЯУЭ Lokale √Дnderungen:
 M sync.log

[main 37b3677] рЯФД Brain Sync вАФ 2026-06-24 20:00
 1 file changed, 19 insertions(+)
вђЖпЄП  Push zu Remote...
To github.com:simonruof/simon-brain.git
   adf527a..37b3677  main -> main
[0;32mвЬЕ Sync abgeschlossen вАФ alles gepusht[0m

Letzter Commit: vor 3 Sekunden вАФ рЯФД Brain Sync вАФ 2026-06-24 20:00


рЯІ† Simon Brain Sync вАФ 2026-06-25 08:00
==================================

рЯУЭ √Дnderungen gefunden вАФ committe...
[main 1df6795] рЯФД Brain Sync вАФ 2026-06-25 08:00
 1 file changed, 14 insertions(+)
вђЖпЄП  Push zu Remote...
To github.com:simonruof/simon-brain.git
   37b3677..1df6795  main -> main
[0;32mвЬЕ Push abgeschlossen[0m

Letzter Commit: vor 3 Sekunden вАФ рЯФД Brain Sync вАФ 2026-06-25 08:00


рЯІ† Simon Brain Sync вАФ 2026-06-25 20:00
==================================

вђЗпЄП  Pull von Remote...
вДєпЄП  Bereits aktuell

рЯУЭ Lokale √Дnderungen:
 M sync.log

[main 5773f03] рЯФД Brain Sync вАФ 2026-06-25 20:00
 1 file changed, 19 insertions(+)
вђЖпЄП  Push zu Remote...
To github.com:simonruof/simon-brain.git
   1df6795..5773f03  main -> main
[0;32mвЬЕ Sync abgeschlossen вАФ alles gepusht[0m

Letzter Commit: vor 3 Sekunden вАФ рЯФД Brain Sync вАФ 2026-06-25 20:00


рЯІ† Simon Brain Sync вАФ 2026-06-26 08:00
==================================

рЯУЭ √Дnderungen gefunden вАФ committe...
[main 721d4d5] рЯФД Brain Sync вАФ 2026-06-26 08:00
 1 file changed, 14 insertions(+)
вђЖпЄП  Push zu Remote...
To github.com:simonruof/simon-brain.git
   5773f03..721d4d5  main -> main
[0;32mвЬЕ Push abgeschlossen[0m

Letzter Commit: vor 2 Sekunden вАФ рЯФД Brain Sync вАФ 2026-06-26 08:00


рЯІ† Simon Brain Sync вАФ 2026-06-26 20:00
==================================

вђЗпЄП  Pull von Remote...
вДєпЄП  Bereits aktuell

рЯУЭ Lokale √Дnderungen:
 M sync.log

